2025-07-08 12:48:12 INFO NettyServerScheduler_1 - Port: 10911, RequestCode Distribution: {34:1}
2025-07-08 12:48:12 INFO NettyServerScheduler_1 - Port: 10911, ResponseCode Distribution: {0:1}
2025-07-08 12:48:42 INFO NettyServerScheduler_1 - Port: 10911, RequestCode Distribution: {34:1}
2025-07-08 12:48:42 INFO NettyServerScheduler_1 - Port: 10911, ResponseCode Distribution: {0:1}
2025-07-08 12:49:00 INFO NettyServerScheduler_1 - Port: 10909, RequestCode Distribution: {28:1}
2025-07-08 12:49:00 INFO NettyServerScheduler_1 - Port: 10909, ResponseCode Distribution: {0:1}
2025-07-08 12:49:12 INFO NettyServerScheduler_1 - Port: 10911, RequestCode Distribution: {34:1}
2025-07-08 12:49:12 INFO NettyServerScheduler_1 - Port: 10911, ResponseCode Distribution: {0:1}
2025-07-08 12:49:42 INFO NettyServerScheduler_1 - Port: 10911, RequestCode Distribution: {34:1}
2025-07-08 12:49:42 INFO NettyServerScheduler_1 - Port: 10911, ResponseCode Distribution: {0:1}
2025-07-08 12:49:46 INFO NettyServerScheduler_1 - Port: 10911, RequestCode Distribution: {34:2, 38:1}
2025-07-08 12:49:46 INFO NettyServerScheduler_1 - Port: 10911, ResponseCode Distribution: {0:3, 40:1}
2025-07-08 12:50:00 INFO NettyServerScheduler_1 - Port: 10909, RequestCode Distribution: {28:1}
2025-07-08 12:50:00 INFO NettyServerScheduler_1 - Port: 10909, ResponseCode Distribution: {0:1}
2025-07-08 12:50:06 INFO NettyServerScheduler_1 - Port: 10911, RequestCode Distribution: {34:1, 11:1, 38:1, 14:1}
2025-07-08 12:50:06 INFO NettyServerScheduler_1 - Port: 10911, ResponseCode Distribution: {0:2, 22:1}
2025-07-08 12:50:12 INFO NettyServerScheduler_1 - Port: 10911, RequestCode Distribution: {34:1}
2025-07-08 12:50:12 INFO NettyServerScheduler_1 - Port: 10911, ResponseCode Distribution: {0:1}
2025-07-08 12:50:16 INFO NettyServerScheduler_1 - Port: 10911, RequestCode Distribution: {34:2}
2025-07-08 12:50:16 INFO NettyServerScheduler_1 - Port: 10911, ResponseCode Distribution: {0:2}
2025-07-08 12:50:24 INFO NettyServerScheduler_1 - Port: 10911, ResponseCode Distribution: {19:1}
2025-07-08 12:50:25 INFO NettyServerScheduler_1 - Port: 10911, RequestCode Distribution: {11:1, 15:1}
2025-07-08 12:50:26 INFO NettyServerScheduler_1 - Port: 10911, RequestCode Distribution: {38:1}
2025-07-08 12:50:26 INFO NettyServerScheduler_1 - Port: 10911, ResponseCode Distribution: {0:1}
2025-07-08 12:50:30 INFO NettyServerScheduler_1 - Port: 10911, RequestCode Distribution: {15:1}
2025-07-08 12:50:35 INFO NettyServerScheduler_1 - Port: 10911, RequestCode Distribution: {15:1}
2025-07-08 12:50:40 INFO NettyServerScheduler_1 - Port: 10911, RequestCode Distribution: {15:1}
2025-07-08 12:50:42 INFO NettyServerScheduler_1 - Port: 10911, RequestCode Distribution: {34:1}
2025-07-08 12:50:42 INFO NettyServerScheduler_1 - Port: 10911, ResponseCode Distribution: {0:1}
2025-07-08 12:51:51 INFO NettyServerScheduler_1 - Port: 10911, RequestCode Distribution: {34:1}
2025-07-08 12:51:51 INFO NettyServerScheduler_1 - Port: 10911, ResponseCode Distribution: {0:1}
2025-07-08 12:52:00 INFO NettyServerScheduler_1 - Port: 10909, RequestCode Distribution: {28:1}
2025-07-08 12:52:00 INFO NettyServerScheduler_1 - Port: 10909, ResponseCode Distribution: {0:1}
2025-07-08 12:52:09 INFO NettyServerScheduler_1 - Port: 10911, RequestCode Distribution: {34:2, 11:1, 38:2, 14:1}
2025-07-08 12:52:09 INFO NettyServerScheduler_1 - Port: 10911, ResponseCode Distribution: {0:5, 40:1}
2025-07-08 12:52:10 INFO NettyServerScheduler_1 - Port: 10911, RequestCode Distribution: {34:2}
2025-07-08 12:52:10 INFO NettyServerScheduler_1 - Port: 10911, ResponseCode Distribution: {0:2}
2025-07-08 12:52:19 INFO NettyServerScheduler_1 - Port: 10911, RequestCode Distribution: {15:1}
2025-07-08 12:52:21 INFO NettyServerScheduler_1 - Port: 10911, RequestCode Distribution: {34:1}
2025-07-08 12:52:21 INFO NettyServerScheduler_1 - Port: 10911, ResponseCode Distribution: {0:1}
2025-07-08 19:22:00 INFO NettyServerScheduler_1 - Port: 10909, RequestCode Distribution: {28:1}
2025-07-08 19:22:00 INFO NettyServerScheduler_1 - Port: 10909, ResponseCode Distribution: {0:1}
2025-07-08 19:22:11 INFO NettyServerScheduler_1 - Port: 10911, RequestCode Distribution: {34:18, 38:1, 14:1}
2025-07-08 19:22:11 INFO NettyServerScheduler_1 - Port: 10911, ResponseCode Distribution: {0:20, 40:1}
2025-07-08 19:22:12 INFO NettyServerScheduler_1 - Port: 10911, RequestCode Distribution: {11:1}
2025-07-08 19:22:13 INFO NettyServerScheduler_1 - Port: 10911, RequestCode Distribution: {34:1}
2025-07-08 19:22:13 INFO NettyServerScheduler_1 - Port: 10911, ResponseCode Distribution: {0:1}
2025-07-08 19:22:20 INFO NettyServerScheduler_1 - Port: 10911, RequestCode Distribution: {15:1}
2025-07-08 19:22:25 INFO NettyServerScheduler_1 - Port: 10911, RequestCode Distribution: {15:1}
2025-07-08 19:22:30 INFO NettyServerScheduler_1 - Port: 10911, RequestCode Distribution: {11:1, 15:1}
2025-07-08 19:22:30 INFO NettyServerScheduler_1 - Port: 10911, ResponseCode Distribution: {19:1}
2025-07-08 19:22:31 INFO NettyServerScheduler_1 - Port: 10911, RequestCode Distribution: {34:15, 38:1}
2025-07-08 19:22:31 INFO NettyServerScheduler_1 - Port: 10911, ResponseCode Distribution: {0:16}
2025-07-08 19:22:35 INFO NettyServerScheduler_1 - Port: 10911, RequestCode Distribution: {15:1}
2025-07-08 19:22:40 INFO NettyServerScheduler_1 - Port: 10911, RequestCode Distribution: {15:1}
2025-07-08 19:22:41 INFO NettyServerScheduler_1 - Port: 10911, RequestCode Distribution: {34:1}
2025-07-08 19:22:41 INFO NettyServerScheduler_1 - Port: 10911, ResponseCode Distribution: {0:1}
2025-07-08 19:22:42 INFO NettyServerScheduler_1 - Port: 10911, RequestCode Distribution: {34:1}
2025-07-08 19:22:42 INFO NettyServerScheduler_1 - Port: 10911, ResponseCode Distribution: {0:1}
2025-07-08 19:22:43 INFO NettyServerScheduler_1 - Port: 10911, RequestCode Distribution: {34:1}
2025-07-08 19:22:43 INFO NettyServerScheduler_1 - Port: 10911, ResponseCode Distribution: {0:1}
2025-07-08 19:22:45 INFO NettyServerScheduler_1 - Port: 10911, RequestCode Distribution: {15:1}
2025-07-08 19:22:50 INFO NettyServerScheduler_1 - Port: 10911, RequestCode Distribution: {11:1, 15:1}
2025-07-08 19:22:50 INFO NettyServerScheduler_1 - Port: 10911, ResponseCode Distribution: {19:1}
2025-07-08 19:22:51 INFO NettyServerScheduler_1 - Port: 10911, RequestCode Distribution: {34:15, 38:1}
2025-07-08 19:22:51 INFO NettyServerScheduler_1 - Port: 10911, ResponseCode Distribution: {0:16}
2025-07-08 19:22:55 INFO NettyServerScheduler_1 - Port: 10911, RequestCode Distribution: {15:1}
2025-07-08 19:23:00 INFO NettyServerScheduler_1 - Port: 10909, RequestCode Distribution: {28:1}
2025-07-08 19:23:00 INFO NettyServerScheduler_1 - Port: 10909, ResponseCode Distribution: {0:1}
2025-07-08 19:23:00 INFO NettyServerScheduler_1 - Port: 10911, RequestCode Distribution: {15:1}
2025-07-08 19:23:05 INFO NettyServerScheduler_1 - Port: 10911, RequestCode Distribution: {15:1}
2025-07-08 19:23:09 INFO NettyServerScheduler_1 - Port: 10911, ResponseCode Distribution: {19:1}
2025-07-08 19:23:10 INFO NettyServerScheduler_1 - Port: 10911, RequestCode Distribution: {11:1, 15:1}
2025-07-08 19:23:11 INFO NettyServerScheduler_1 - Port: 10911, RequestCode Distribution: {34:2}
2025-07-08 19:23:11 INFO NettyServerScheduler_1 - Port: 10911, ResponseCode Distribution: {0:2}
2025-07-08 19:23:12 INFO NettyServerScheduler_1 - Port: 10911, RequestCode Distribution: {34:15, 38:1}
2025-07-08 19:23:12 INFO NettyServerScheduler_1 - Port: 10911, ResponseCode Distribution: {0:16}
2025-07-08 19:23:13 INFO NettyServerScheduler_1 - Port: 10911, RequestCode Distribution: {34:1}
2025-07-08 19:23:13 INFO NettyServerScheduler_1 - Port: 10911, ResponseCode Distribution: {0:1}
2025-07-08 19:23:15 INFO NettyServerScheduler_1 - Port: 10911, RequestCode Distribution: {15:1}
2025-07-08 19:23:20 INFO NettyServerScheduler_1 - Port: 10911, RequestCode Distribution: {15:1}
2025-07-08 19:23:25 INFO NettyServerScheduler_1 - Port: 10911, RequestCode Distribution: {15:1}
2025-07-08 19:23:29 INFO NettyServerScheduler_1 - Port: 10911, RequestCode Distribution: {11:1}
2025-07-08 19:23:29 INFO NettyServerScheduler_1 - Port: 10911, ResponseCode Distribution: {19:1}
2025-07-08 19:23:30 INFO NettyServerScheduler_1 - Port: 10911, RequestCode Distribution: {15:1}
2025-07-08 19:23:32 INFO NettyServerScheduler_1 - Port: 10911, RequestCode Distribution: {34:15, 38:1}
2025-07-08 19:23:32 INFO NettyServerScheduler_1 - Port: 10911, ResponseCode Distribution: {0:16}
2025-07-08 19:23:35 INFO NettyServerScheduler_1 - Port: 10911, RequestCode Distribution: {15:1}
2025-07-08 19:23:40 INFO NettyServerScheduler_1 - Port: 10911, RequestCode Distribution: {15:1}
2025-07-08 19:23:41 INFO NettyServerScheduler_1 - Port: 10911, RequestCode Distribution: {34:1}
2025-07-08 19:23:41 INFO NettyServerScheduler_1 - Port: 10911, ResponseCode Distribution: {0:1}
2025-07-08 19:23:42 INFO NettyServerScheduler_1 - Port: 10911, RequestCode Distribution: {34:1}
2025-07-08 19:23:42 INFO NettyServerScheduler_1 - Port: 10911, ResponseCode Distribution: {0:1}
2025-07-08 19:23:43 INFO NettyServerScheduler_1 - Port: 10911, RequestCode Distribution: {34:1}
2025-07-08 19:23:43 INFO NettyServerScheduler_1 - Port: 10911, ResponseCode Distribution: {0:1}
2025-07-08 19:23:45 INFO NettyServerScheduler_1 - Port: 10911, RequestCode Distribution: {15:1}
2025-07-08 19:23:49 INFO NettyServerScheduler_1 - Port: 10911, RequestCode Distribution: {11:1}
2025-07-08 19:23:49 INFO NettyServerScheduler_1 - Port: 10911, ResponseCode Distribution: {19:1}
2025-07-08 19:23:50 INFO NettyServerScheduler_1 - Port: 10911, RequestCode Distribution: {15:1}
2025-07-08 19:23:52 INFO NettyServerScheduler_1 - Port: 10911, RequestCode Distribution: {34:15, 38:1}
2025-07-08 19:23:52 INFO NettyServerScheduler_1 - Port: 10911, ResponseCode Distribution: {0:16}
2025-07-08 19:23:55 INFO NettyServerScheduler_1 - Port: 10911, RequestCode Distribution: {15:1}
2025-07-08 19:24:00 INFO NettyServerScheduler_1 - Port: 10909, RequestCode Distribution: {28:1}
2025-07-08 19:24:00 INFO NettyServerScheduler_1 - Port: 10909, ResponseCode Distribution: {0:1}
2025-07-08 19:24:00 INFO NettyServerScheduler_1 - Port: 10911, RequestCode Distribution: {15:1}
2025-07-08 19:24:05 INFO NettyServerScheduler_1 - Port: 10911, RequestCode Distribution: {15:1}
2025-07-08 19:24:09 INFO NettyServerScheduler_1 - Port: 10911, RequestCode Distribution: {11:1}
2025-07-08 19:24:09 INFO NettyServerScheduler_1 - Port: 10911, ResponseCode Distribution: {19:1}
2025-07-08 19:24:10 INFO NettyServerScheduler_1 - Port: 10911, RequestCode Distribution: {15:1}
2025-07-08 19:24:11 INFO NettyServerScheduler_1 - Port: 10911, RequestCode Distribution: {34:1}
2025-07-08 19:24:11 INFO NettyServerScheduler_1 - Port: 10911, ResponseCode Distribution: {0:1}
2025-07-08 19:24:12 INFO NettyServerScheduler_1 - Port: 10911, RequestCode Distribution: {34:16, 38:1}
2025-07-08 19:24:12 INFO NettyServerScheduler_1 - Port: 10911, ResponseCode Distribution: {0:17}
2025-07-08 19:24:13 INFO NettyServerScheduler_1 - Port: 10911, RequestCode Distribution: {34:1}
2025-07-08 19:24:13 INFO NettyServerScheduler_1 - Port: 10911, ResponseCode Distribution: {0:1}
2025-07-08 19:24:15 INFO NettyServerScheduler_1 - Port: 10911, RequestCode Distribution: {35:2, 15:1}
2025-07-08 19:24:15 INFO NettyServerScheduler_1 - Port: 10911, ResponseCode Distribution: {0:2}
