2025-07-08 12:48:09 INFO TransactionalOpBatchService - Start transaction op batch thread!
2025-07-08 12:48:09 INFO TransactionFlushService - TransactionFlushService service start
2025-07-08 12:48:09 INFO TransactionalMessageCheckService - Start transaction check service thread!
2025-07-08 12:48:39 INFO TransactionalMessageCheckService - Begin to check prepare message, begin time:1751950119865
2025-07-08 12:48:39 INFO TransactionalMessageCheckService - Before check, the queue=MessageQueue [topic=RMQ_SYS_TRANS_HALF_TOPIC, brokerName=rocketmq-0, queueId=0] msgOffset=0 opOffset=0
2025-07-08 12:48:39 WARN TransactionalMessageCheckService - No new message. GetMessageStatus=NO_MESSAGE_IN_QUEUE, topic=RMQ_SYS_TRANS_OP_HALF_TOPIC, groupId=CID_RMQ_SYS_TRANS, requestOffset=0
2025-07-08 12:48:39 WARN TransactionalMessageCheckService - The miss op offset=0 in queue=MessageQueue [topic=RMQ_SYS_TRANS_OP_HALF_TOPIC, brokerName=rocketmq-0, queueId=0] is NO_NEW_MSG, pullResult=PullResult [pullStatus=NO_NEW_MSG, nextBeginOffset=0, minOffset=0, maxOffset=0, msgFoundList=0]
2025-07-08 12:48:39 WARN TransactionalMessageCheckService - No new message. GetMessageStatus=NO_MESSAGE_IN_QUEUE, topic=RMQ_SYS_TRANS_HALF_TOPIC, groupId=CID_RMQ_SYS_TRANS, requestOffset=0
2025-07-08 12:48:39 WARN TransactionalMessageCheckService - No new message. GetMessageStatus=NO_MESSAGE_IN_QUEUE, topic=RMQ_SYS_TRANS_HALF_TOPIC, groupId=CID_RMQ_SYS_TRANS, requestOffset=0
2025-07-08 12:48:39 WARN TransactionalMessageCheckService - No new message. GetMessageStatus=NO_MESSAGE_IN_QUEUE, topic=RMQ_SYS_TRANS_OP_HALF_TOPIC, groupId=CID_RMQ_SYS_TRANS, requestOffset=0
2025-07-08 12:48:39 INFO TransactionalMessageCheckService - After check, MessageQueue [topic=RMQ_SYS_TRANS_HALF_TOPIC, brokerName=rocketmq-0, queueId=0] opOffset=0 opOffsetDiff=0 msgOffset=0 msgOffsetDiff=0 msgTime=Tue Jul 08 04:48:39 UTC 2025 msgTimeDelayInMs=0 putInQueueCount=0
2025-07-08 12:48:39 INFO TransactionalMessageCheckService - End to check prepare message, consumed time:12
2025-07-08 12:49:09 INFO TransactionalMessageCheckService - Begin to check prepare message, begin time:1751950149876
2025-07-08 12:49:09 INFO TransactionalMessageCheckService - Before check, the queue=MessageQueue [topic=RMQ_SYS_TRANS_HALF_TOPIC, brokerName=rocketmq-0, queueId=0] msgOffset=0 opOffset=0
2025-07-08 12:49:09 WARN TransactionalMessageCheckService - No new message. GetMessageStatus=NO_MESSAGE_IN_QUEUE, topic=RMQ_SYS_TRANS_OP_HALF_TOPIC, groupId=CID_RMQ_SYS_TRANS, requestOffset=0
2025-07-08 12:49:09 WARN TransactionalMessageCheckService - The miss op offset=0 in queue=MessageQueue [topic=RMQ_SYS_TRANS_OP_HALF_TOPIC, brokerName=rocketmq-0, queueId=0] is NO_NEW_MSG, pullResult=PullResult [pullStatus=NO_NEW_MSG, nextBeginOffset=0, minOffset=0, maxOffset=0, msgFoundList=0]
2025-07-08 12:49:09 WARN TransactionalMessageCheckService - No new message. GetMessageStatus=NO_MESSAGE_IN_QUEUE, topic=RMQ_SYS_TRANS_HALF_TOPIC, groupId=CID_RMQ_SYS_TRANS, requestOffset=0
2025-07-08 12:49:09 WARN TransactionalMessageCheckService - No new message. GetMessageStatus=NO_MESSAGE_IN_QUEUE, topic=RMQ_SYS_TRANS_HALF_TOPIC, groupId=CID_RMQ_SYS_TRANS, requestOffset=0
2025-07-08 12:49:09 WARN TransactionalMessageCheckService - No new message. GetMessageStatus=NO_MESSAGE_IN_QUEUE, topic=RMQ_SYS_TRANS_OP_HALF_TOPIC, groupId=CID_RMQ_SYS_TRANS, requestOffset=0
2025-07-08 12:49:09 INFO TransactionalMessageCheckService - After check, MessageQueue [topic=RMQ_SYS_TRANS_HALF_TOPIC, brokerName=rocketmq-0, queueId=0] opOffset=0 opOffsetDiff=0 msgOffset=0 msgOffsetDiff=0 msgTime=Tue Jul 08 04:49:09 UTC 2025 msgTimeDelayInMs=0 putInQueueCount=0
2025-07-08 12:49:09 INFO TransactionalMessageCheckService - End to check prepare message, consumed time:0
2025-07-08 12:49:39 INFO TransactionalMessageCheckService - Begin to check prepare message, begin time:1751950179875
2025-07-08 12:49:39 INFO TransactionalMessageCheckService - Before check, the queue=MessageQueue [topic=RMQ_SYS_TRANS_HALF_TOPIC, brokerName=rocketmq-0, queueId=0] msgOffset=0 opOffset=0
2025-07-08 12:49:39 WARN TransactionalMessageCheckService - No new message. GetMessageStatus=NO_MESSAGE_IN_QUEUE, topic=RMQ_SYS_TRANS_OP_HALF_TOPIC, groupId=CID_RMQ_SYS_TRANS, requestOffset=0
2025-07-08 12:49:39 WARN TransactionalMessageCheckService - The miss op offset=0 in queue=MessageQueue [topic=RMQ_SYS_TRANS_OP_HALF_TOPIC, brokerName=rocketmq-0, queueId=0] is NO_NEW_MSG, pullResult=PullResult [pullStatus=NO_NEW_MSG, nextBeginOffset=0, minOffset=0, maxOffset=0, msgFoundList=0]
2025-07-08 12:49:39 WARN TransactionalMessageCheckService - No new message. GetMessageStatus=NO_MESSAGE_IN_QUEUE, topic=RMQ_SYS_TRANS_HALF_TOPIC, groupId=CID_RMQ_SYS_TRANS, requestOffset=0
2025-07-08 12:49:39 WARN TransactionalMessageCheckService - No new message. GetMessageStatus=NO_MESSAGE_IN_QUEUE, topic=RMQ_SYS_TRANS_HALF_TOPIC, groupId=CID_RMQ_SYS_TRANS, requestOffset=0
2025-07-08 12:49:39 WARN TransactionalMessageCheckService - No new message. GetMessageStatus=NO_MESSAGE_IN_QUEUE, topic=RMQ_SYS_TRANS_OP_HALF_TOPIC, groupId=CID_RMQ_SYS_TRANS, requestOffset=0
2025-07-08 12:49:39 INFO TransactionalMessageCheckService - After check, MessageQueue [topic=RMQ_SYS_TRANS_HALF_TOPIC, brokerName=rocketmq-0, queueId=0] opOffset=0 opOffsetDiff=0 msgOffset=0 msgOffsetDiff=0 msgTime=Tue Jul 08 04:49:39 UTC 2025 msgTimeDelayInMs=0 putInQueueCount=0
2025-07-08 12:49:39 INFO TransactionalMessageCheckService - End to check prepare message, consumed time:0
2025-07-08 12:50:09 INFO TransactionalMessageCheckService - Begin to check prepare message, begin time:1751950209873
2025-07-08 12:50:09 INFO TransactionalMessageCheckService - Before check, the queue=MessageQueue [topic=RMQ_SYS_TRANS_HALF_TOPIC, brokerName=rocketmq-0, queueId=0] msgOffset=0 opOffset=0
2025-07-08 12:50:09 WARN TransactionalMessageCheckService - No new message. GetMessageStatus=NO_MESSAGE_IN_QUEUE, topic=RMQ_SYS_TRANS_OP_HALF_TOPIC, groupId=CID_RMQ_SYS_TRANS, requestOffset=0
2025-07-08 12:50:09 WARN TransactionalMessageCheckService - The miss op offset=0 in queue=MessageQueue [topic=RMQ_SYS_TRANS_OP_HALF_TOPIC, brokerName=rocketmq-0, queueId=0] is NO_NEW_MSG, pullResult=PullResult [pullStatus=NO_NEW_MSG, nextBeginOffset=0, minOffset=0, maxOffset=0, msgFoundList=0]
2025-07-08 12:50:09 WARN TransactionalMessageCheckService - No new message. GetMessageStatus=NO_MESSAGE_IN_QUEUE, topic=RMQ_SYS_TRANS_HALF_TOPIC, groupId=CID_RMQ_SYS_TRANS, requestOffset=0
2025-07-08 12:50:09 WARN TransactionalMessageCheckService - No new message. GetMessageStatus=NO_MESSAGE_IN_QUEUE, topic=RMQ_SYS_TRANS_HALF_TOPIC, groupId=CID_RMQ_SYS_TRANS, requestOffset=0
2025-07-08 12:50:09 WARN TransactionalMessageCheckService - No new message. GetMessageStatus=NO_MESSAGE_IN_QUEUE, topic=RMQ_SYS_TRANS_OP_HALF_TOPIC, groupId=CID_RMQ_SYS_TRANS, requestOffset=0
2025-07-08 12:50:09 INFO TransactionalMessageCheckService - After check, MessageQueue [topic=RMQ_SYS_TRANS_HALF_TOPIC, brokerName=rocketmq-0, queueId=0] opOffset=0 opOffsetDiff=0 msgOffset=0 msgOffsetDiff=0 msgTime=Tue Jul 08 04:50:09 UTC 2025 msgTimeDelayInMs=0 putInQueueCount=0
2025-07-08 12:50:09 INFO TransactionalMessageCheckService - End to check prepare message, consumed time:0
2025-07-08 12:50:39 INFO TransactionalMessageCheckService - Begin to check prepare message, begin time:1751950239871
2025-07-08 12:50:39 INFO TransactionalMessageCheckService - Before check, the queue=MessageQueue [topic=RMQ_SYS_TRANS_HALF_TOPIC, brokerName=rocketmq-0, queueId=0] msgOffset=0 opOffset=0
2025-07-08 12:50:39 WARN TransactionalMessageCheckService - No new message. GetMessageStatus=NO_MESSAGE_IN_QUEUE, topic=RMQ_SYS_TRANS_OP_HALF_TOPIC, groupId=CID_RMQ_SYS_TRANS, requestOffset=0
2025-07-08 12:50:39 WARN TransactionalMessageCheckService - The miss op offset=0 in queue=MessageQueue [topic=RMQ_SYS_TRANS_OP_HALF_TOPIC, brokerName=rocketmq-0, queueId=0] is NO_NEW_MSG, pullResult=PullResult [pullStatus=NO_NEW_MSG, nextBeginOffset=0, minOffset=0, maxOffset=0, msgFoundList=0]
2025-07-08 12:50:39 WARN TransactionalMessageCheckService - No new message. GetMessageStatus=NO_MESSAGE_IN_QUEUE, topic=RMQ_SYS_TRANS_HALF_TOPIC, groupId=CID_RMQ_SYS_TRANS, requestOffset=0
2025-07-08 12:50:39 WARN TransactionalMessageCheckService - No new message. GetMessageStatus=NO_MESSAGE_IN_QUEUE, topic=RMQ_SYS_TRANS_HALF_TOPIC, groupId=CID_RMQ_SYS_TRANS, requestOffset=0
2025-07-08 12:50:39 WARN TransactionalMessageCheckService - No new message. GetMessageStatus=NO_MESSAGE_IN_QUEUE, topic=RMQ_SYS_TRANS_OP_HALF_TOPIC, groupId=CID_RMQ_SYS_TRANS, requestOffset=0
2025-07-08 12:50:39 INFO TransactionalMessageCheckService - After check, MessageQueue [topic=RMQ_SYS_TRANS_HALF_TOPIC, brokerName=rocketmq-0, queueId=0] opOffset=0 opOffsetDiff=0 msgOffset=0 msgOffsetDiff=0 msgTime=Tue Jul 08 04:50:39 UTC 2025 msgTimeDelayInMs=0 putInQueueCount=0
2025-07-08 12:50:39 INFO TransactionalMessageCheckService - End to check prepare message, consumed time:0
2025-07-08 12:51:20 INFO TransactionalOpBatchService - Start transaction op batch thread!
2025-07-08 12:51:20 INFO TransactionFlushService - TransactionFlushService service start
2025-07-08 12:51:20 INFO TransactionalMessageCheckService - Start transaction check service thread!
2025-07-08 12:51:50 INFO TransactionalMessageCheckService - Begin to check prepare message, begin time:1751950310642
2025-07-08 12:51:50 INFO TransactionalMessageCheckService - Before check, the queue=MessageQueue [topic=RMQ_SYS_TRANS_HALF_TOPIC, brokerName=rocketmq-0, queueId=0] msgOffset=0 opOffset=0
2025-07-08 12:51:50 WARN TransactionalMessageCheckService - No new message. GetMessageStatus=NO_MESSAGE_IN_QUEUE, topic=RMQ_SYS_TRANS_OP_HALF_TOPIC, groupId=CID_RMQ_SYS_TRANS, requestOffset=0
2025-07-08 12:51:50 WARN TransactionalMessageCheckService - The miss op offset=0 in queue=MessageQueue [topic=RMQ_SYS_TRANS_OP_HALF_TOPIC, brokerName=rocketmq-0, queueId=0] is NO_NEW_MSG, pullResult=PullResult [pullStatus=NO_NEW_MSG, nextBeginOffset=0, minOffset=0, maxOffset=0, msgFoundList=0]
2025-07-08 12:51:50 WARN TransactionalMessageCheckService - No new message. GetMessageStatus=NO_MESSAGE_IN_QUEUE, topic=RMQ_SYS_TRANS_HALF_TOPIC, groupId=CID_RMQ_SYS_TRANS, requestOffset=0
2025-07-08 12:51:50 WARN TransactionalMessageCheckService - No new message. GetMessageStatus=NO_MESSAGE_IN_QUEUE, topic=RMQ_SYS_TRANS_HALF_TOPIC, groupId=CID_RMQ_SYS_TRANS, requestOffset=0
2025-07-08 12:51:50 WARN TransactionalMessageCheckService - No new message. GetMessageStatus=NO_MESSAGE_IN_QUEUE, topic=RMQ_SYS_TRANS_OP_HALF_TOPIC, groupId=CID_RMQ_SYS_TRANS, requestOffset=0
2025-07-08 12:51:50 INFO TransactionalMessageCheckService - After check, MessageQueue [topic=RMQ_SYS_TRANS_HALF_TOPIC, brokerName=rocketmq-0, queueId=0] opOffset=0 opOffsetDiff=0 msgOffset=0 msgOffsetDiff=0 msgTime=Tue Jul 08 04:51:50 UTC 2025 msgTimeDelayInMs=0 putInQueueCount=0
2025-07-08 12:51:50 INFO TransactionalMessageCheckService - End to check prepare message, consumed time:3
2025-07-08 12:52:20 INFO TransactionalMessageCheckService - Begin to check prepare message, begin time:1751950340644
2025-07-08 12:52:20 INFO TransactionalMessageCheckService - Before check, the queue=MessageQueue [topic=RMQ_SYS_TRANS_HALF_TOPIC, brokerName=rocketmq-0, queueId=0] msgOffset=0 opOffset=0
2025-07-08 12:52:20 WARN TransactionalMessageCheckService - No new message. GetMessageStatus=NO_MESSAGE_IN_QUEUE, topic=RMQ_SYS_TRANS_OP_HALF_TOPIC, groupId=CID_RMQ_SYS_TRANS, requestOffset=0
2025-07-08 12:52:20 WARN TransactionalMessageCheckService - The miss op offset=0 in queue=MessageQueue [topic=RMQ_SYS_TRANS_OP_HALF_TOPIC, brokerName=rocketmq-0, queueId=0] is NO_NEW_MSG, pullResult=PullResult [pullStatus=NO_NEW_MSG, nextBeginOffset=0, minOffset=0, maxOffset=0, msgFoundList=0]
2025-07-08 12:52:20 WARN TransactionalMessageCheckService - No new message. GetMessageStatus=NO_MESSAGE_IN_QUEUE, topic=RMQ_SYS_TRANS_HALF_TOPIC, groupId=CID_RMQ_SYS_TRANS, requestOffset=0
2025-07-08 12:52:20 WARN TransactionalMessageCheckService - No new message. GetMessageStatus=NO_MESSAGE_IN_QUEUE, topic=RMQ_SYS_TRANS_HALF_TOPIC, groupId=CID_RMQ_SYS_TRANS, requestOffset=0
2025-07-08 12:52:20 WARN TransactionalMessageCheckService - No new message. GetMessageStatus=NO_MESSAGE_IN_QUEUE, topic=RMQ_SYS_TRANS_OP_HALF_TOPIC, groupId=CID_RMQ_SYS_TRANS, requestOffset=0
2025-07-08 12:52:20 INFO TransactionalMessageCheckService - After check, MessageQueue [topic=RMQ_SYS_TRANS_HALF_TOPIC, brokerName=rocketmq-0, queueId=0] opOffset=0 opOffsetDiff=0 msgOffset=0 msgOffsetDiff=0 msgTime=Tue Jul 08 04:52:20 UTC 2025 msgTimeDelayInMs=0 putInQueueCount=0
2025-07-08 12:52:20 INFO TransactionalMessageCheckService - End to check prepare message, consumed time:0
2025-07-08 19:21:39 INFO TransactionalOpBatchService - Start transaction op batch thread!
2025-07-08 19:21:39 INFO TransactionFlushService - TransactionFlushService service start
2025-07-08 19:21:39 INFO TransactionalMessageCheckService - Start transaction check service thread!
2025-07-08 19:22:09 INFO TransactionalMessageCheckService - Begin to check prepare message, begin time:1751973729979
2025-07-08 19:22:09 INFO TransactionalMessageCheckService - Before check, the queue=MessageQueue [topic=RMQ_SYS_TRANS_HALF_TOPIC, brokerName=rocketmq-0, queueId=0] msgOffset=0 opOffset=0
2025-07-08 19:22:09 WARN TransactionalMessageCheckService - No new message. GetMessageStatus=NO_MESSAGE_IN_QUEUE, topic=RMQ_SYS_TRANS_OP_HALF_TOPIC, groupId=CID_RMQ_SYS_TRANS, requestOffset=0
2025-07-08 19:22:09 WARN TransactionalMessageCheckService - The miss op offset=0 in queue=MessageQueue [topic=RMQ_SYS_TRANS_OP_HALF_TOPIC, brokerName=rocketmq-0, queueId=0] is NO_NEW_MSG, pullResult=PullResult [pullStatus=NO_NEW_MSG, nextBeginOffset=0, minOffset=0, maxOffset=0, msgFoundList=0]
2025-07-08 19:22:09 WARN TransactionalMessageCheckService - No new message. GetMessageStatus=NO_MESSAGE_IN_QUEUE, topic=RMQ_SYS_TRANS_HALF_TOPIC, groupId=CID_RMQ_SYS_TRANS, requestOffset=0
2025-07-08 19:22:09 WARN TransactionalMessageCheckService - No new message. GetMessageStatus=NO_MESSAGE_IN_QUEUE, topic=RMQ_SYS_TRANS_HALF_TOPIC, groupId=CID_RMQ_SYS_TRANS, requestOffset=0
2025-07-08 19:22:09 WARN TransactionalMessageCheckService - No new message. GetMessageStatus=NO_MESSAGE_IN_QUEUE, topic=RMQ_SYS_TRANS_OP_HALF_TOPIC, groupId=CID_RMQ_SYS_TRANS, requestOffset=0
2025-07-08 19:22:09 INFO TransactionalMessageCheckService - After check, MessageQueue [topic=RMQ_SYS_TRANS_HALF_TOPIC, brokerName=rocketmq-0, queueId=0] opOffset=0 opOffsetDiff=0 msgOffset=0 msgOffsetDiff=0 msgTime=Tue Jul 08 11:22:09 UTC 2025 msgTimeDelayInMs=0 putInQueueCount=0
2025-07-08 19:22:09 INFO TransactionalMessageCheckService - End to check prepare message, consumed time:18
2025-07-08 19:22:39 INFO TransactionalMessageCheckService - Begin to check prepare message, begin time:1751973759996
2025-07-08 19:22:39 INFO TransactionalMessageCheckService - Before check, the queue=MessageQueue [topic=RMQ_SYS_TRANS_HALF_TOPIC, brokerName=rocketmq-0, queueId=0] msgOffset=0 opOffset=0
2025-07-08 19:22:39 WARN TransactionalMessageCheckService - No new message. GetMessageStatus=NO_MESSAGE_IN_QUEUE, topic=RMQ_SYS_TRANS_OP_HALF_TOPIC, groupId=CID_RMQ_SYS_TRANS, requestOffset=0
2025-07-08 19:22:39 WARN TransactionalMessageCheckService - The miss op offset=0 in queue=MessageQueue [topic=RMQ_SYS_TRANS_OP_HALF_TOPIC, brokerName=rocketmq-0, queueId=0] is NO_NEW_MSG, pullResult=PullResult [pullStatus=NO_NEW_MSG, nextBeginOffset=0, minOffset=0, maxOffset=0, msgFoundList=0]
2025-07-08 19:22:39 WARN TransactionalMessageCheckService - No new message. GetMessageStatus=NO_MESSAGE_IN_QUEUE, topic=RMQ_SYS_TRANS_HALF_TOPIC, groupId=CID_RMQ_SYS_TRANS, requestOffset=0
2025-07-08 19:22:39 WARN TransactionalMessageCheckService - No new message. GetMessageStatus=NO_MESSAGE_IN_QUEUE, topic=RMQ_SYS_TRANS_HALF_TOPIC, groupId=CID_RMQ_SYS_TRANS, requestOffset=0
2025-07-08 19:22:39 WARN TransactionalMessageCheckService - No new message. GetMessageStatus=NO_MESSAGE_IN_QUEUE, topic=RMQ_SYS_TRANS_OP_HALF_TOPIC, groupId=CID_RMQ_SYS_TRANS, requestOffset=0
2025-07-08 19:22:39 INFO TransactionalMessageCheckService - After check, MessageQueue [topic=RMQ_SYS_TRANS_HALF_TOPIC, brokerName=rocketmq-0, queueId=0] opOffset=0 opOffsetDiff=0 msgOffset=0 msgOffsetDiff=0 msgTime=Tue Jul 08 11:22:39 UTC 2025 msgTimeDelayInMs=0 putInQueueCount=0
2025-07-08 19:22:39 INFO TransactionalMessageCheckService - End to check prepare message, consumed time:0
2025-07-08 19:23:09 INFO TransactionalMessageCheckService - Begin to check prepare message, begin time:1751973789995
2025-07-08 19:23:09 INFO TransactionalMessageCheckService - Before check, the queue=MessageQueue [topic=RMQ_SYS_TRANS_HALF_TOPIC, brokerName=rocketmq-0, queueId=0] msgOffset=0 opOffset=0
2025-07-08 19:23:09 WARN TransactionalMessageCheckService - No new message. GetMessageStatus=NO_MESSAGE_IN_QUEUE, topic=RMQ_SYS_TRANS_OP_HALF_TOPIC, groupId=CID_RMQ_SYS_TRANS, requestOffset=0
2025-07-08 19:23:09 WARN TransactionalMessageCheckService - The miss op offset=0 in queue=MessageQueue [topic=RMQ_SYS_TRANS_OP_HALF_TOPIC, brokerName=rocketmq-0, queueId=0] is NO_NEW_MSG, pullResult=PullResult [pullStatus=NO_NEW_MSG, nextBeginOffset=0, minOffset=0, maxOffset=0, msgFoundList=0]
2025-07-08 19:23:09 WARN TransactionalMessageCheckService - No new message. GetMessageStatus=NO_MESSAGE_IN_QUEUE, topic=RMQ_SYS_TRANS_HALF_TOPIC, groupId=CID_RMQ_SYS_TRANS, requestOffset=0
2025-07-08 19:23:09 WARN TransactionalMessageCheckService - No new message. GetMessageStatus=NO_MESSAGE_IN_QUEUE, topic=RMQ_SYS_TRANS_HALF_TOPIC, groupId=CID_RMQ_SYS_TRANS, requestOffset=0
2025-07-08 19:23:09 WARN TransactionalMessageCheckService - No new message. GetMessageStatus=NO_MESSAGE_IN_QUEUE, topic=RMQ_SYS_TRANS_OP_HALF_TOPIC, groupId=CID_RMQ_SYS_TRANS, requestOffset=0
2025-07-08 19:23:09 INFO TransactionalMessageCheckService - After check, MessageQueue [topic=RMQ_SYS_TRANS_HALF_TOPIC, brokerName=rocketmq-0, queueId=0] opOffset=0 opOffsetDiff=0 msgOffset=0 msgOffsetDiff=0 msgTime=Tue Jul 08 11:23:09 UTC 2025 msgTimeDelayInMs=0 putInQueueCount=0
2025-07-08 19:23:09 INFO TransactionalMessageCheckService - End to check prepare message, consumed time:0
2025-07-08 19:23:39 INFO TransactionalMessageCheckService - Begin to check prepare message, begin time:1751973819993
2025-07-08 19:23:39 INFO TransactionalMessageCheckService - Before check, the queue=MessageQueue [topic=RMQ_SYS_TRANS_HALF_TOPIC, brokerName=rocketmq-0, queueId=0] msgOffset=0 opOffset=0
2025-07-08 19:23:39 WARN TransactionalMessageCheckService - No new message. GetMessageStatus=NO_MESSAGE_IN_QUEUE, topic=RMQ_SYS_TRANS_OP_HALF_TOPIC, groupId=CID_RMQ_SYS_TRANS, requestOffset=0
2025-07-08 19:23:39 WARN TransactionalMessageCheckService - The miss op offset=0 in queue=MessageQueue [topic=RMQ_SYS_TRANS_OP_HALF_TOPIC, brokerName=rocketmq-0, queueId=0] is NO_NEW_MSG, pullResult=PullResult [pullStatus=NO_NEW_MSG, nextBeginOffset=0, minOffset=0, maxOffset=0, msgFoundList=0]
2025-07-08 19:23:39 WARN TransactionalMessageCheckService - No new message. GetMessageStatus=NO_MESSAGE_IN_QUEUE, topic=RMQ_SYS_TRANS_HALF_TOPIC, groupId=CID_RMQ_SYS_TRANS, requestOffset=0
2025-07-08 19:23:39 WARN TransactionalMessageCheckService - No new message. GetMessageStatus=NO_MESSAGE_IN_QUEUE, topic=RMQ_SYS_TRANS_HALF_TOPIC, groupId=CID_RMQ_SYS_TRANS, requestOffset=0
2025-07-08 19:23:39 WARN TransactionalMessageCheckService - No new message. GetMessageStatus=NO_MESSAGE_IN_QUEUE, topic=RMQ_SYS_TRANS_OP_HALF_TOPIC, groupId=CID_RMQ_SYS_TRANS, requestOffset=0
2025-07-08 19:23:39 INFO TransactionalMessageCheckService - After check, MessageQueue [topic=RMQ_SYS_TRANS_HALF_TOPIC, brokerName=rocketmq-0, queueId=0] opOffset=0 opOffsetDiff=0 msgOffset=0 msgOffsetDiff=0 msgTime=Tue Jul 08 11:23:39 UTC 2025 msgTimeDelayInMs=0 putInQueueCount=0
2025-07-08 19:23:39 INFO TransactionalMessageCheckService - End to check prepare message, consumed time:0
2025-07-08 19:24:09 INFO TransactionalMessageCheckService - Begin to check prepare message, begin time:1751973849992
2025-07-08 19:24:09 INFO TransactionalMessageCheckService - Before check, the queue=MessageQueue [topic=RMQ_SYS_TRANS_HALF_TOPIC, brokerName=rocketmq-0, queueId=0] msgOffset=0 opOffset=0
2025-07-08 19:24:09 WARN TransactionalMessageCheckService - No new message. GetMessageStatus=NO_MESSAGE_IN_QUEUE, topic=RMQ_SYS_TRANS_OP_HALF_TOPIC, groupId=CID_RMQ_SYS_TRANS, requestOffset=0
2025-07-08 19:24:09 WARN TransactionalMessageCheckService - The miss op offset=0 in queue=MessageQueue [topic=RMQ_SYS_TRANS_OP_HALF_TOPIC, brokerName=rocketmq-0, queueId=0] is NO_NEW_MSG, pullResult=PullResult [pullStatus=NO_NEW_MSG, nextBeginOffset=0, minOffset=0, maxOffset=0, msgFoundList=0]
2025-07-08 19:24:09 WARN TransactionalMessageCheckService - No new message. GetMessageStatus=NO_MESSAGE_IN_QUEUE, topic=RMQ_SYS_TRANS_HALF_TOPIC, groupId=CID_RMQ_SYS_TRANS, requestOffset=0
2025-07-08 19:24:09 WARN TransactionalMessageCheckService - No new message. GetMessageStatus=NO_MESSAGE_IN_QUEUE, topic=RMQ_SYS_TRANS_HALF_TOPIC, groupId=CID_RMQ_SYS_TRANS, requestOffset=0
2025-07-08 19:24:09 WARN TransactionalMessageCheckService - No new message. GetMessageStatus=NO_MESSAGE_IN_QUEUE, topic=RMQ_SYS_TRANS_OP_HALF_TOPIC, groupId=CID_RMQ_SYS_TRANS, requestOffset=0
2025-07-08 19:24:09 INFO TransactionalMessageCheckService - After check, MessageQueue [topic=RMQ_SYS_TRANS_HALF_TOPIC, brokerName=rocketmq-0, queueId=0] opOffset=0 opOffsetDiff=0 msgOffset=0 msgOffsetDiff=0 msgTime=Tue Jul 08 11:24:09 UTC 2025 msgTimeDelayInMs=0 putInQueueCount=0
2025-07-08 19:24:09 INFO TransactionalMessageCheckService - End to check prepare message, consumed time:0
2025-07-08 19:24:58 INFO TransactionalOpBatchService - Start transaction op batch thread!
2025-07-08 19:24:58 INFO TransactionFlushService - TransactionFlushService service start
2025-07-08 19:24:58 INFO TransactionalMessageCheckService - Start transaction check service thread!
